mode: set
github.com/Deivisson/free_fairs/service/fair_service.go:23.82,25.54 2 1
github.com/Deivisson/free_fairs/service/fair_service.go:29.2,29.40 1 1
github.com/Deivisson/free_fairs/service/fair_service.go:33.2,34.19 2 1
github.com/Deivisson/free_fairs/service/fair_service.go:25.54,27.3 1 0
github.com/Deivisson/free_fairs/service/fair_service.go:29.40,31.3 1 0
github.com/Deivisson/free_fairs/service/fair_service.go:37.76,39.2 1 0
github.com/Deivisson/free_fairs/service/fair_service.go:41.93,43.16 2 1
github.com/Deivisson/free_fairs/service/fair_service.go:47.2,47.54 1 1
github.com/Deivisson/free_fairs/service/fair_service.go:51.2,51.40 1 1
github.com/Deivisson/free_fairs/service/fair_service.go:55.2,56.18 2 1
github.com/Deivisson/free_fairs/service/fair_service.go:43.16,45.3 1 0
github.com/Deivisson/free_fairs/service/fair_service.go:47.54,49.3 1 0
github.com/Deivisson/free_fairs/service/fair_service.go:51.40,53.3 1 1
github.com/Deivisson/free_fairs/service/fair_service.go:59.83,62.53 2 0
github.com/Deivisson/free_fairs/service/fair_service.go:66.2,67.16 2 0
github.com/Deivisson/free_fairs/service/fair_service.go:70.2,70.19 1 0
github.com/Deivisson/free_fairs/service/fair_service.go:62.53,64.3 1 0
github.com/Deivisson/free_fairs/service/fair_service.go:67.16,69.3 1 0
github.com/Deivisson/free_fairs/service/fair_service.go:73.62,75.16 2 0
github.com/Deivisson/free_fairs/service/fair_service.go:78.2,78.12 1 0
github.com/Deivisson/free_fairs/service/fair_service.go:75.16,77.3 1 0
github.com/Deivisson/free_fairs/service/fair_service.go:81.79,83.16 2 1
github.com/Deivisson/free_fairs/service/fair_service.go:86.2,86.18 1 0
github.com/Deivisson/free_fairs/service/fair_service.go:83.16,85.3 1 1
github.com/Deivisson/free_fairs/service/fair_service.go:89.74,91.2 1 1
github.com/Deivisson/free_fairs/domain/base.go:7.71,8.22 1 1
github.com/Deivisson/free_fairs/domain/base.go:11.2,11.21 1 1
github.com/Deivisson/free_fairs/domain/base.go:14.2,14.30 1 1
github.com/Deivisson/free_fairs/domain/base.go:8.22,10.3 1 0
github.com/Deivisson/free_fairs/domain/base.go:11.21,13.3 1 1
github.com/Deivisson/free_fairs/domain/base.go:17.38,19.2 1 1
github.com/Deivisson/free_fairs/domain/fair.go:48.42,66.29 17 1
github.com/Deivisson/free_fairs/domain/fair.go:69.2,69.12 1 0
github.com/Deivisson/free_fairs/domain/fair.go:66.29,68.3 1 1
github.com/Deivisson/free_fairs/domain/fair.go:72.70,74.29 2 1
github.com/Deivisson/free_fairs/domain/fair.go:78.2,78.25 1 1
github.com/Deivisson/free_fairs/domain/fair.go:81.2,81.15 1 1
github.com/Deivisson/free_fairs/domain/fair.go:74.29,76.3 1 1
github.com/Deivisson/free_fairs/domain/fair.go:78.25,80.3 1 1
github.com/Deivisson/free_fairs/domain/fair_repositoryDb.go:15.61,17.16 2 0
github.com/Deivisson/free_fairs/domain/fair_repositoryDb.go:20.2,20.12 1 0
github.com/Deivisson/free_fairs/domain/fair_repositoryDb.go:17.16,19.3 1 0
github.com/Deivisson/free_fairs/domain/fair_repositoryDb.go:23.61,25.16 2 0
github.com/Deivisson/free_fairs/domain/fair_repositoryDb.go:28.2,28.12 1 0
github.com/Deivisson/free_fairs/domain/fair_repositoryDb.go:25.16,27.3 1 0
github.com/Deivisson/free_fairs/domain/fair_repositoryDb.go:31.89,40.16 8 0
github.com/Deivisson/free_fairs/domain/fair_repositoryDb.go:43.2,43.19 1 0
github.com/Deivisson/free_fairs/domain/fair_repositoryDb.go:40.16,42.3 1 0
github.com/Deivisson/free_fairs/domain/fair_repositoryDb.go:46.59,47.17 1 0
github.com/Deivisson/free_fairs/domain/fair_repositoryDb.go:47.17,49.3 1 0
github.com/Deivisson/free_fairs/domain/fair_repositoryDb.go:52.71,55.16 3 0
github.com/Deivisson/free_fairs/domain/fair_repositoryDb.go:58.2,58.19 1 0
github.com/Deivisson/free_fairs/domain/fair_repositoryDb.go:55.16,57.3 1 0
github.com/Deivisson/free_fairs/domain/fair_repositoryDb.go:61.60,63.16 2 0
github.com/Deivisson/free_fairs/domain/fair_repositoryDb.go:67.2,67.55 1 0
github.com/Deivisson/free_fairs/domain/fair_repositoryDb.go:70.2,70.12 1 0
github.com/Deivisson/free_fairs/domain/fair_repositoryDb.go:63.16,65.3 1 0
github.com/Deivisson/free_fairs/domain/fair_repositoryDb.go:67.55,69.3 1 0
github.com/Deivisson/free_fairs/domain/fair_repositoryDb.go:73.67,74.63 1 0
github.com/Deivisson/free_fairs/domain/fair_repositoryDb.go:77.2,77.12 1 0
github.com/Deivisson/free_fairs/domain/fair_repositoryDb.go:74.63,76.3 1 0
github.com/Deivisson/free_fairs/domain/fair_repositoryDb.go:80.59,83.16 3 0
github.com/Deivisson/free_fairs/domain/fair_repositoryDb.go:89.2,89.18 1 0
github.com/Deivisson/free_fairs/domain/fair_repositoryDb.go:83.16,84.45 1 0
github.com/Deivisson/free_fairs/domain/fair_repositoryDb.go:87.3,87.53 1 0
github.com/Deivisson/free_fairs/domain/fair_repositoryDb.go:84.45,86.4 1 0
github.com/Deivisson/free_fairs/domain/fair_repositoryDb.go:92.62,94.2 1 0
github.com/Deivisson/free_fairs/domain/fair_repositoryStub.go:11.63,13.2 1 0
github.com/Deivisson/free_fairs/domain/fair_repositoryStub.go:15.63,17.2 1 0
github.com/Deivisson/free_fairs/domain/fair_repositoryStub.go:19.91,21.2 1 0
github.com/Deivisson/free_fairs/domain/fair_repositoryStub.go:23.73,24.28 1 0
github.com/Deivisson/free_fairs/domain/fair_repositoryStub.go:29.2,29.17 1 0
github.com/Deivisson/free_fairs/domain/fair_repositoryStub.go:24.28,25.17 1 0
github.com/Deivisson/free_fairs/domain/fair_repositoryStub.go:25.17,27.4 1 0
github.com/Deivisson/free_fairs/domain/fair_repositoryStub.go:32.62,34.2 1 0
github.com/Deivisson/free_fairs/domain/fair_repositoryStub.go:36.69,39.2 2 0
github.com/Deivisson/free_fairs/domain/fair_repositoryStub.go:41.61,43.2 1 0
github.com/Deivisson/free_fairs/domain/fair_repositoryStub.go:45.49,87.2 2 0
